<?xml version="1.0" encoding="UTF-8"?>
<!-- Generated by org.testng.reporters.JUnitReportReporter -->
<testsuite skipped="0" hostname="ForgeRockTest1" name="Com.Staples.TestngTestCases.mangusTestngClass" tests="7" failures="0" timestamp="04 May 2018 06:28:22 GMT" time="71.557" errors="0">
  <testcase name="magnusloginTestwithInvalidUsername" time="9.186" classname="Com.Staples.TestngTestCases.mangusTestngClass"/>
  <testcase name="magnusloginTestwithEmptyUserNameField" time="9.163" classname="Com.Staples.TestngTestCases.mangusTestngClass"/>
  <testcase name="magnusloginTestwithInvalidPassword" time="9.095" classname="Com.Staples.TestngTestCases.mangusTestngClass"/>
  <testcase name="magnusloginTestwithEmptyPasswordField" time="8.945" classname="Com.Staples.TestngTestCases.mangusTestngClass"/>
  <testcase name="magnusloginTestwithInvalidCredentials" time="9.464" classname="Com.Staples.TestngTestCases.mangusTestngClass"/>
  <testcase name="magnusLoginTestWithValidCredentials" time="16.627" classname="Com.Staples.TestngTestCases.mangusTestngClass"/>
  <testcase name="magnusloginTestwithBlankCredentials" time="9.077" classname="Com.Staples.TestngTestCases.mangusTestngClass"/>
</testsuite> <!-- Com.Staples.TestngTestCases.mangusTestngClass -->
