<?xml version="1.0" encoding="UTF-8"?>
<!-- Generated by org.testng.reporters.JUnitReportReporter -->
<testsuite skipped="0" hostname="ForgeRockTest1" name="Com.Staples.TestngTestCases.amhTestngClass" tests="7" failures="0" timestamp="18 Apr 2018 10:05:27 GMT" time="109.743" errors="0">
  <testcase name="amhloginTestwithEmptyUserNameField" time="10.779" classname="Com.Staples.TestngTestCases.amhTestngClass"/>
  <testcase name="amhLoginTestWithValidCredentials" time="38.895" classname="Com.Staples.TestngTestCases.amhTestngClass"/>
  <testcase name="amhloginTestwithBlankCredentials" time="10.620" classname="Com.Staples.TestngTestCases.amhTestngClass"/>
  <testcase name="amhloginTestwithEmptyPasswordField" time="10.814" classname="Com.Staples.TestngTestCases.amhTestngClass"/>
  <testcase name="amhloginTestwithInvalidCredentials" time="13.176" classname="Com.Staples.TestngTestCases.amhTestngClass"/>
  <testcase name="amhloginTestwithInvalidPassword" time="12.506" classname="Com.Staples.TestngTestCases.amhTestngClass"/>
  <testcase name="amhloginTestwithInvalidUsername" time="12.953" classname="Com.Staples.TestngTestCases.amhTestngClass"/>
</testsuite> <!-- Com.Staples.TestngTestCases.amhTestngClass -->
