<?xml version="1.0" encoding="UTF-8"?>
<!-- Generated by org.testng.reporters.JUnitReportReporter -->
<testsuite skipped="0" hostname="ForgeRockTest1" name="Com.Staples.TestngTestCases.staplesTestngClasses" tests="7" failures="0" timestamp="28 Mar 2018 07:36:54 GMT" time="83.331" errors="0">
  <testcase name="victorloginTestwithBlankCredentials" time="10.526" classname="Com.Staples.TestngTestCases.staplesTestngClasses"/>
  <testcase name="victorLoginTestWithValidCredentials" time="20.318" classname="Com.Staples.TestngTestCases.staplesTestngClasses"/>
  <testcase name="victorloginTestwithEmptyUserNameField" time="10.379" classname="Com.Staples.TestngTestCases.staplesTestngClasses"/>
  <testcase name="victorloginTestwithInvalidUsername" time="10.307" classname="Com.Staples.TestngTestCases.staplesTestngClasses"/>
  <testcase name="victorloginTestwithEmptyPasswordField" time="6.946" classname="Com.Staples.TestngTestCases.staplesTestngClasses"/>
  <testcase name="victorloginTestwithInvalidPassword" time="10.319" classname="Com.Staples.TestngTestCases.staplesTestngClasses"/>
  <testcase name="victorloginTestwithInvalidCredentials" time="14.536" classname="Com.Staples.TestngTestCases.staplesTestngClasses"/>
</testsuite> <!-- Com.Staples.TestngTestCases.staplesTestngClasses -->
