<?xml version="1.0" encoding="UTF-8"?>
<!-- Generated by org.testng.reporters.JUnitReportReporter -->
<testsuite skipped="0" hostname="ForgeRockTest1" name="Com.Staples.TestngTestCases.solutionBuilderTestngClass" tests="7" failures="0" timestamp="19 Apr 2018 08:27:16 GMT" time="213.383" errors="0">
  <testcase name="solutionBuilderloginTestwithInvalidPassword" time="21.201" classname="Com.Staples.TestngTestCases.solutionBuilderTestngClass"/>
  <testcase name="solutionBuilderloginTestwithBlankCredentials" time="47.117" classname="Com.Staples.TestngTestCases.solutionBuilderTestngClass"/>
  <testcase name="solutionBuilderloginTestwithEmptyPasswordField" time="20.307" classname="Com.Staples.TestngTestCases.solutionBuilderTestngClass"/>
  <testcase name="solutionBuilderloginTestwithEmptyUserNameField" time="31.384" classname="Com.Staples.TestngTestCases.solutionBuilderTestngClass"/>
  <testcase name="solutionBuilderLoginTestWithValidCredentials" time="39.437" classname="Com.Staples.TestngTestCases.solutionBuilderTestngClass"/>
  <testcase name="solutionBuilderloginTestwithInvalidCredentials" time="21.827" classname="Com.Staples.TestngTestCases.solutionBuilderTestngClass"/>
  <testcase name="solutionBuilderloginTestwithInvalidUsername" time="32.110" classname="Com.Staples.TestngTestCases.solutionBuilderTestngClass"/>
</testsuite> <!-- Com.Staples.TestngTestCases.solutionBuilderTestngClass -->
