<?xml version="1.0" encoding="UTF-8"?>
<!-- Generated by org.testng.reporters.JUnitReportReporter -->
<testsuite skipped="0" hostname="ForgeRockTest1" name="Com.Staples.TestngTestCases.heliosTestngClass" tests="7" failures="0" timestamp="28 Mar 2018 09:45:12 GMT" time="83.267" errors="0">
  <testcase name="heliosloginTestwithBlankCredentials" time="10.490" classname="Com.Staples.TestngTestCases.heliosTestngClass"/>
  <testcase name="heliosLoginTestwithValidCredentials" time="23.897" classname="Com.Staples.TestngTestCases.heliosTestngClass"/>
  <testcase name="heliosloginTestwithInvalidCredentials" time="10.419" classname="Com.Staples.TestngTestCases.heliosTestngClass"/>
  <testcase name="heliosloginTestwithEmptyPasswordField" time="10.569" classname="Com.Staples.TestngTestCases.heliosTestngClass"/>
  <testcase name="heliosloginTestwithInvalidPassword" time="10.367" classname="Com.Staples.TestngTestCases.heliosTestngClass"/>
  <testcase name="heliosloginTestwithInvalidUsername" time="7.083" classname="Com.Staples.TestngTestCases.heliosTestngClass"/>
  <testcase name="heliosloginTestwithEmptyUserNameField" time="10.442" classname="Com.Staples.TestngTestCases.heliosTestngClass"/>
</testsuite> <!-- Com.Staples.TestngTestCases.heliosTestngClass -->
