<?xml version="1.0" encoding="UTF-8"?>
<!-- Generated by org.testng.reporters.JUnitReportReporter -->
<testsuite skipped="0" hostname="rporakala-pc" name="TestngTestCases.testngTestCases" tests="7" failures="0" timestamp="24 Jan 2018 09:53:18 GMT" time="223.550" errors="0">
  <testcase name="loginTestwithInvalidPassword" time="28.917" classname="TestngTestCases.testngTestCases"/>
  <testcase name="loginTestwithInvalidUsername" time="29.909" classname="TestngTestCases.testngTestCases"/>
  <testcase name="loginTestwithBlankCredentials" time="29.552" classname="TestngTestCases.testngTestCases"/>
  <testcase name="staplesLogin" time="49.162" classname="TestngTestCases.testngTestCases"/>
  <testcase name="loginTestwithwithEmptyPasswordField" time="28.547" classname="TestngTestCases.testngTestCases"/>
  <testcase name="loginTestwithwithInvalidCredentials" time="28.578" classname="TestngTestCases.testngTestCases"/>
  <testcase name="loginTestwithwithEmptyUserNameField" time="28.885" classname="TestngTestCases.testngTestCases"/>
</testsuite> <!-- TestngTestCases.testngTestCases -->
