<?xml version="1.0" encoding="UTF-8"?>
<!-- Generated by org.testng.reporters.JUnitReportReporter -->
<testsuite skipped="0" hostname="ForgeRockTest1" name="Com.Staples.TestngTestCases.jiraTestngClass" tests="7" failures="0" timestamp="10 May 2018 07:02:22 GMT" time="83.406" errors="0">
  <testcase name="jiraloginTestwithInvalidPassword" time="9.809" classname="Com.Staples.TestngTestCases.jiraTestngClass"/>
  <testcase name="jiraloginTestwithInvalidUsername" time="10.258" classname="Com.Staples.TestngTestCases.jiraTestngClass"/>
  <testcase name="jiraloginTestwithEmptyPasswordField" time="9.456" classname="Com.Staples.TestngTestCases.jiraTestngClass"/>
  <testcase name="jiraloginTestwithEmptyUserNameField" time="9.742" classname="Com.Staples.TestngTestCases.jiraTestngClass"/>
  <testcase name="jiraLoginTestWithValidCredentials" time="24.271" classname="Com.Staples.TestngTestCases.jiraTestngClass"/>
  <testcase name="jiraloginTestwithInvalidCredentials" time="10.165" classname="Com.Staples.TestngTestCases.jiraTestngClass"/>
  <testcase name="jiraloginTestwithBlankCredentials" time="9.705" classname="Com.Staples.TestngTestCases.jiraTestngClass"/>
</testsuite> <!-- Com.Staples.TestngTestCases.jiraTestngClass -->
