<?xml version="1.0" encoding="UTF-8"?>
<!-- Generated by org.testng.reporters.JUnitReportReporter -->
<testsuite skipped="0" hostname="ForgeRockTest1" name="Com.Staples.TestngTestCases.bitbucketTestngClass" tests="7" failures="0" timestamp="10 May 2018 07:33:29 GMT" time="91.010" errors="0">
  <testcase name="bitbucketloginTestwithEmptyPasswordField" time="10.048" classname="Com.Staples.TestngTestCases.bitbucketTestngClass"/>
  <testcase name="bitbucketloginTestwithEmptyUserNameField" time="10.282" classname="Com.Staples.TestngTestCases.bitbucketTestngClass"/>
  <testcase name="bitbucketLoginTestWithValidCredentials" time="29.171" classname="Com.Staples.TestngTestCases.bitbucketTestngClass"/>
  <testcase name="bitbucketloginTestwithInvalidCredentials" time="10.867" classname="Com.Staples.TestngTestCases.bitbucketTestngClass"/>
  <testcase name="bitbucketloginTestwithBlankCredentials" time="9.922" classname="Com.Staples.TestngTestCases.bitbucketTestngClass"/>
  <testcase name="bitbucketloginTestwithInvalidPassword" time="10.296" classname="Com.Staples.TestngTestCases.bitbucketTestngClass"/>
  <testcase name="bitbucketloginTestwithInvalidUsername" time="10.424" classname="Com.Staples.TestngTestCases.bitbucketTestngClass"/>
</testsuite> <!-- Com.Staples.TestngTestCases.bitbucketTestngClass -->
