<?xml version="1.0" encoding="UTF-8"?>
<!-- Generated by org.testng.reporters.JUnitReportReporter -->
<testsuite skipped="0" hostname="ForgeRockTest1" name="Com.Staples.TestngTestCases.sigcapTestngClass" tests="7" failures="0" timestamp="08 May 2018 07:36:28 GMT" time="70.456" errors="0">
  <testcase name="sigcapLoginTestWithValidCredentials" time="16.195" classname="Com.Staples.TestngTestCases.sigcapTestngClass"/>
  <testcase name="sigcaploginTestwithInvalidUsername" time="9.114" classname="Com.Staples.TestngTestCases.sigcapTestngClass"/>
  <testcase name="sigcaploginTestwithInvalidCredentials" time="9.245" classname="Com.Staples.TestngTestCases.sigcapTestngClass"/>
  <testcase name="sigcaploginTestwithBlankCredentials" time="8.885" classname="Com.Staples.TestngTestCases.sigcapTestngClass"/>
  <testcase name="sigcaploginTestwithInvalidPassword" time="9.042" classname="Com.Staples.TestngTestCases.sigcapTestngClass"/>
  <testcase name="sigcaploginTestwithEmptyPasswordField" time="9.107" classname="Com.Staples.TestngTestCases.sigcapTestngClass"/>
  <testcase name="sigcaploginTestwithEmptyUserNameField" time="8.868" classname="Com.Staples.TestngTestCases.sigcapTestngClass"/>
</testsuite> <!-- Com.Staples.TestngTestCases.sigcapTestngClass -->
