<?xml version="1.0" encoding="UTF-8"?>
<!-- Generated by org.testng.reporters.JUnitReportReporter -->
<testsuite skipped="0" hostname="ForgeRockTest1" name="Com.Staples.TestngTestCases.replenishMeTestngClass" tests="7" failures="0" timestamp="11 Apr 2018 06:49:19 GMT" time="55.904" errors="0">
  <testcase name="replenishMeLoginTestWithValidCredentials" time="11.549" classname="Com.Staples.TestngTestCases.replenishMeTestngClass"/>
  <testcase name="replenishMeloginTestwithEmptyUserNameField" time="7.207" classname="Com.Staples.TestngTestCases.replenishMeTestngClass"/>
  <testcase name="replenishMeloginTestwithEmptyPasswordField" time="8.360" classname="Com.Staples.TestngTestCases.replenishMeTestngClass"/>
  <testcase name="replenishMeloginTestwithInvalidCredentials" time="7.456" classname="Com.Staples.TestngTestCases.replenishMeTestngClass"/>
  <testcase name="replenishMeloginTestwithInvalidPassword" time="7.139" classname="Com.Staples.TestngTestCases.replenishMeTestngClass"/>
  <testcase name="replenishMeloginTestwithBlankCredentials" time="7.012" classname="Com.Staples.TestngTestCases.replenishMeTestngClass"/>
  <testcase name="replenishMeloginTestwithInvalidUsername" time="7.181" classname="Com.Staples.TestngTestCases.replenishMeTestngClass"/>
</testsuite> <!-- Com.Staples.TestngTestCases.replenishMeTestngClass -->
