<?xml version="1.0" encoding="UTF-8"?>
<!-- Generated by org.testng.reporters.JUnitReportReporter -->
<testsuite skipped="0" hostname="ForgeRockTest1" name="Com.Staples.TestngTestCases.fsaTestngClass" tests="7" failures="0" timestamp="09 May 2018 06:37:38 GMT" time="72.165" errors="0">
  <testcase name="fsaloginTestwithInvalidCredentials" time="9.404" classname="Com.Staples.TestngTestCases.fsaTestngClass"/>
  <testcase name="fsaloginTestwithInvalidPassword" time="9.193" classname="Com.Staples.TestngTestCases.fsaTestngClass"/>
  <testcase name="fsaLoginTestWithValidCredentials" time="16.884" classname="Com.Staples.TestngTestCases.fsaTestngClass"/>
  <testcase name="fsaloginTestwithBlankCredentials" time="9.125" classname="Com.Staples.TestngTestCases.fsaTestngClass"/>
  <testcase name="fsaloginTestwithEmptyPasswordField" time="9.056" classname="Com.Staples.TestngTestCases.fsaTestngClass"/>
  <testcase name="fsaloginTestwithInvalidUsername" time="9.306" classname="Com.Staples.TestngTestCases.fsaTestngClass"/>
  <testcase name="fsaloginTestwithEmptyUserNameField" time="9.197" classname="Com.Staples.TestngTestCases.fsaTestngClass"/>
</testsuite> <!-- Com.Staples.TestngTestCases.fsaTestngClass -->
