<?xml version="1.0" encoding="UTF-8"?>
<!-- Generated by org.testng.reporters.JUnitReportReporter -->
<testsuite skipped="0" hostname="ForgeRockTest1" name="Com.Staples.TestngTestCases.spomsTestngClass" tests="7" failures="0" timestamp="08 May 2018 07:02:07 GMT" time="69.916" errors="0">
  <testcase name="spomsloginTestwithInvalidCredentials" time="9.267" classname="Com.Staples.TestngTestCases.spomsTestngClass"/>
  <testcase name="spomsloginTestwithInvalidPassword" time="9.061" classname="Com.Staples.TestngTestCases.spomsTestngClass"/>
  <testcase name="spomsloginTestwithBlankCredentials" time="9.084" classname="Com.Staples.TestngTestCases.spomsTestngClass"/>
  <testcase name="spomsloginTestwithInvalidUsername" time="9.110" classname="Com.Staples.TestngTestCases.spomsTestngClass"/>
  <testcase name="spomsloginTestwithEmptyUserNameField" time="8.977" classname="Com.Staples.TestngTestCases.spomsTestngClass"/>
  <testcase name="spomsLoginTestWithValidCredentials" time="15.385" classname="Com.Staples.TestngTestCases.spomsTestngClass"/>
  <testcase name="spomsloginTestwithEmptyPasswordField" time="9.032" classname="Com.Staples.TestngTestCases.spomsTestngClass"/>
</testsuite> <!-- Com.Staples.TestngTestCases.spomsTestngClass -->
