<?xml version="1.0" encoding="UTF-8"?>
<!-- Generated by org.testng.reporters.JUnitReportReporter -->
<testsuite skipped="0" hostname="ForgeRockTest1" name="Com.Staples.TestngTestCases.cornerstoneTestngClass" tests="7" failures="0" timestamp="17 May 2018 06:10:30 GMT" time="74.180" errors="0">
  <testcase name="cornerstoneloginTestwithInvalidCredentials" time="10.722" classname="Com.Staples.TestngTestCases.cornerstoneTestngClass"/>
  <testcase name="cornerstoneloginTestwithBlankCredentials" time="9.750" classname="Com.Staples.TestngTestCases.cornerstoneTestngClass"/>
  <testcase name="cornerstoneloginTestwithInvalidUsername" time="10.284" classname="Com.Staples.TestngTestCases.cornerstoneTestngClass"/>
  <testcase name="cornerstoneloginTestwithEmptyPasswordField" time="9.951" classname="Com.Staples.TestngTestCases.cornerstoneTestngClass"/>
  <testcase name="cornerstoneLoginTestWithValidCredentials" time="13.206" classname="Com.Staples.TestngTestCases.cornerstoneTestngClass"/>
  <testcase name="cornerstoneloginTestwithInvalidPassword" time="10.237" classname="Com.Staples.TestngTestCases.cornerstoneTestngClass"/>
  <testcase name="cornerstoneloginTestwithEmptyUserNameField" time="10.030" classname="Com.Staples.TestngTestCases.cornerstoneTestngClass"/>
</testsuite> <!-- Com.Staples.TestngTestCases.cornerstoneTestngClass -->
