<?xml version="1.0" encoding="UTF-8"?>
<!-- Generated by org.testng.reporters.JUnitReportReporter -->
<testsuite skipped="0" hostname="ForgeRockTest1" name="Com.Staples.TestngTestCases.camsTestngClass" tests="7" failures="0" timestamp="08 May 2018 06:31:58 GMT" time="72.041" errors="0">
  <testcase name="camsloginTestwithBlankCredentials" time="8.743" classname="Com.Staples.TestngTestCases.camsTestngClass"/>
  <testcase name="camsLoginTestWithValidCredentials" time="18.346" classname="Com.Staples.TestngTestCases.camsTestngClass"/>
  <testcase name="camsloginTestwithEmptyUserNameField" time="8.916" classname="Com.Staples.TestngTestCases.camsTestngClass"/>
  <testcase name="camsloginTestwithInvalidPassword" time="9.005" classname="Com.Staples.TestngTestCases.camsTestngClass"/>
  <testcase name="camsloginTestwithInvalidCredentials" time="9.196" classname="Com.Staples.TestngTestCases.camsTestngClass"/>
  <testcase name="camsloginTestwithEmptyPasswordField" time="8.790" classname="Com.Staples.TestngTestCases.camsTestngClass"/>
  <testcase name="camsloginTestwithInvalidUsername" time="9.045" classname="Com.Staples.TestngTestCases.camsTestngClass"/>
</testsuite> <!-- Com.Staples.TestngTestCases.camsTestngClass -->
