<?xml version="1.0" encoding="UTF-8"?>
<!-- Generated by org.testng.reporters.JUnitReportReporter -->
<testsuite skipped="0" hostname="ForgeRockTest1" name="Com.Staples.TestngTestCases.somsTestngClass" tests="7" failures="0" timestamp="16 May 2018 05:49:21 GMT" time="70.980" errors="0">
  <testcase name="somsloginTestwithInvalidCredentials" time="10.231" classname="Com.Staples.TestngTestCases.somsTestngClass"/>
  <testcase name="somsloginTestwithBlankCredentials" time="9.727" classname="Com.Staples.TestngTestCases.somsTestngClass"/>
  <testcase name="somsloginTestwithInvalidUsername" time="9.665" classname="Com.Staples.TestngTestCases.somsTestngClass"/>
  <testcase name="somsloginTestwithEmptyPasswordField" time="9.532" classname="Com.Staples.TestngTestCases.somsTestngClass"/>
  <testcase name="somsloginTestwithInvalidPassword" time="9.558" classname="Com.Staples.TestngTestCases.somsTestngClass"/>
  <testcase name="somsLoginTestWithValidCredentials" time="12.888" classname="Com.Staples.TestngTestCases.somsTestngClass"/>
  <testcase name="somsloginTestwithEmptyUserNameField" time="9.379" classname="Com.Staples.TestngTestCases.somsTestngClass"/>
</testsuite> <!-- Com.Staples.TestngTestCases.somsTestngClass -->
