<?xml version="1.0" encoding="UTF-8"?>
<!-- Generated by org.testng.reporters.JUnitReportReporter -->
<testsuite skipped="0" hostname="ForgeRockTest1" name="Com.Staples.TestngTestCases.spearTestngClass" tests="7" failures="0" timestamp="20 Apr 2018 17:06:26 GMT" time="241.954" errors="0">
  <testcase name="spearloginTestwithBlankCredentials" time="18.052" classname="Com.Staples.TestngTestCases.spearTestngClass"/>
  <testcase name="spearloginTestwithEmptyUserNameField" time="28.893" classname="Com.Staples.TestngTestCases.spearTestngClass"/>
  <testcase name="spearloginTestwithInvalidUsername" time="43.602" classname="Com.Staples.TestngTestCases.spearTestngClass"/>
  <testcase name="spearloginTestwithInvalidCredentials" time="23.934" classname="Com.Staples.TestngTestCases.spearTestngClass"/>
  <testcase name="spearloginTestwithEmptyPasswordField" time="32.955" classname="Com.Staples.TestngTestCases.spearTestngClass"/>
  <testcase name="spearloginTestwithInvalidPassword" time="41.944" classname="Com.Staples.TestngTestCases.spearTestngClass"/>
  <testcase name="spearLoginTestWithValidCredentials" time="52.574" classname="Com.Staples.TestngTestCases.spearTestngClass"/>
</testsuite> <!-- Com.Staples.TestngTestCases.spearTestngClass -->
