<?xml version="1.0" encoding="UTF-8"?>
<!-- Generated by org.testng.reporters.JUnitReportReporter -->
<testsuite skipped="0" hostname="ForgeRockTest1" name="Com.Staples.TestngTestCases.radarTestngClass" tests="7" failures="0" timestamp="20 Apr 2018 08:15:33 GMT" time="107.393" errors="0">
  <testcase name="radarloginTestwithEmptyUserNameField" time="10.061" classname="Com.Staples.TestngTestCases.radarTestngClass"/>
  <testcase name="radarLoginTestWithValidCredentials" time="34.775" classname="Com.Staples.TestngTestCases.radarTestngClass"/>
  <testcase name="radarloginTestwithInvalidCredentials" time="13.732" classname="Com.Staples.TestngTestCases.radarTestngClass"/>
  <testcase name="radarloginTestwithBlankCredentials" time="9.277" classname="Com.Staples.TestngTestCases.radarTestngClass"/>
  <testcase name="radarloginTestwithInvalidUsername" time="11.367" classname="Com.Staples.TestngTestCases.radarTestngClass"/>
  <testcase name="radarloginTestwithEmptyPasswordField" time="10.015" classname="Com.Staples.TestngTestCases.radarTestngClass"/>
  <testcase name="radarloginTestwithInvalidPassword" time="18.166" classname="Com.Staples.TestngTestCases.radarTestngClass"/>
</testsuite> <!-- Com.Staples.TestngTestCases.radarTestngClass -->
