<?xml version="1.0" encoding="UTF-8"?>
<!-- Generated by org.testng.reporters.JUnitReportReporter -->
<testsuite skipped="0" hostname="ForgeRockTest1" name="Com.Staples.TestngTestCases.cejTestngClass" tests="7" failures="0" timestamp="08 May 2018 08:01:59 GMT" time="76.776" errors="0">
  <testcase name="cejloginTestwithInvalidPassword" time="9.242" classname="Com.Staples.TestngTestCases.cejTestngClass"/>
  <testcase name="cejloginTestwithBlankCredentials" time="8.908" classname="Com.Staples.TestngTestCases.cejTestngClass"/>
  <testcase name="cejloginTestwithInvalidCredentials" time="9.300" classname="Com.Staples.TestngTestCases.cejTestngClass"/>
  <testcase name="cejloginTestwithInvalidUsername" time="9.167" classname="Com.Staples.TestngTestCases.cejTestngClass"/>
  <testcase name="cejloginTestwithEmptyPasswordField" time="8.939" classname="Com.Staples.TestngTestCases.cejTestngClass"/>
  <testcase name="cejLoginTestWithValidCredentials" time="22.339" classname="Com.Staples.TestngTestCases.cejTestngClass"/>
  <testcase name="cejloginTestwithEmptyUserNameField" time="8.881" classname="Com.Staples.TestngTestCases.cejTestngClass"/>
</testsuite> <!-- Com.Staples.TestngTestCases.cejTestngClass -->
