<?xml version="1.0" encoding="UTF-8"?>
<!-- Generated by org.testng.reporters.JUnitReportReporter -->
<testsuite skipped="0" hostname="ForgeRockTest1" name="Com.Staples.TestngTestCases.clarityTestngClass" tests="7" failures="0" timestamp="04 May 2018 10:37:16 GMT" time="90.462" errors="0">
  <testcase name="clarityloginTestwithInvalidCredentials" time="9.295" classname="Com.Staples.TestngTestCases.clarityTestngClass"/>
  <testcase name="clarityLoginTestWithValidCredentials" time="35.620" classname="Com.Staples.TestngTestCases.clarityTestngClass"/>
  <testcase name="clarityloginTestwithEmptyPasswordField" time="8.879" classname="Com.Staples.TestngTestCases.clarityTestngClass"/>
  <testcase name="clarityloginTestwithInvalidPassword" time="9.140" classname="Com.Staples.TestngTestCases.clarityTestngClass"/>
  <testcase name="clarityloginTestwithInvalidUsername" time="9.222" classname="Com.Staples.TestngTestCases.clarityTestngClass"/>
  <testcase name="clarityloginTestwithBlankCredentials" time="9.226" classname="Com.Staples.TestngTestCases.clarityTestngClass"/>
  <testcase name="clarityloginTestwithEmptyUserNameField" time="9.080" classname="Com.Staples.TestngTestCases.clarityTestngClass"/>
</testsuite> <!-- Com.Staples.TestngTestCases.clarityTestngClass -->
