<?xml version="1.0" encoding="UTF-8"?>
<!-- Generated by org.testng.reporters.JUnitReportReporter -->
<testsuite skipped="0" hostname="ForgeRockTest1" name="Com.Staples.TestngTestCases.bibsTestngClass" tests="7" failures="0" timestamp="14 May 2018 07:18:09 GMT" time="80.019" errors="0">
  <testcase name="bibsloginTestwithBlankCredentials" time="9.660" classname="Com.Staples.TestngTestCases.bibsTestngClass"/>
  <testcase name="bibsloginTestwithEmptyPasswordField" time="9.711" classname="Com.Staples.TestngTestCases.bibsTestngClass"/>
  <testcase name="bibsloginTestwithInvalidCredentials" time="10.116" classname="Com.Staples.TestngTestCases.bibsTestngClass"/>
  <testcase name="bibsLoginTestWithValidCredentials" time="20.440" classname="Com.Staples.TestngTestCases.bibsTestngClass"/>
  <testcase name="bibsloginTestwithInvalidPassword" time="9.836" classname="Com.Staples.TestngTestCases.bibsTestngClass"/>
  <testcase name="bibsloginTestwithInvalidUsername" time="10.331" classname="Com.Staples.TestngTestCases.bibsTestngClass"/>
  <testcase name="bibsloginTestwithEmptyUserNameField" time="9.925" classname="Com.Staples.TestngTestCases.bibsTestngClass"/>
</testsuite> <!-- Com.Staples.TestngTestCases.bibsTestngClass -->
