<?xml version="1.0" encoding="UTF-8"?>
<!-- Generated by org.testng.reporters.JUnitReportReporter -->
<testsuite skipped="0" hostname="ForgeRockTest1" name="Com.Staples.CommonLib.Baseclass" tests="1" failures="0" timestamp="17 May 2018 06:10:30 GMT" time="5.137" errors="0">
  <testcase name="testCasesExecutionStarted" time="5.137" classname="Com.Staples.CommonLib.Baseclass"/>
</testsuite> <!-- Com.Staples.CommonLib.Baseclass -->
