<?xml version="1.0" encoding="UTF-8"?>
<!-- Generated by org.testng.reporters.JUnitReportReporter -->
<testsuite skipped="0" hostname="ForgeRockTest1" name="Com.Staples.TestngTestCases.polarTestngClass" tests="7" failures="0" timestamp="09 May 2018 07:25:04 GMT" time="75.337" errors="0">
  <testcase name="polarloginTestwithInvalidUsername" time="9.500" classname="Com.Staples.TestngTestCases.polarTestngClass"/>
  <testcase name="polarLoginTestWithValidCredentials" time="18.442" classname="Com.Staples.TestngTestCases.polarTestngClass"/>
  <testcase name="polarloginTestwithEmptyUserNameField" time="9.432" classname="Com.Staples.TestngTestCases.polarTestngClass"/>
  <testcase name="polarloginTestwithEmptyPasswordField" time="9.369" classname="Com.Staples.TestngTestCases.polarTestngClass"/>
  <testcase name="polarloginTestwithInvalidCredentials" time="9.809" classname="Com.Staples.TestngTestCases.polarTestngClass"/>
  <testcase name="polarloginTestwithInvalidPassword" time="9.498" classname="Com.Staples.TestngTestCases.polarTestngClass"/>
  <testcase name="polarloginTestwithBlankCredentials" time="9.287" classname="Com.Staples.TestngTestCases.polarTestngClass"/>
</testsuite> <!-- Com.Staples.TestngTestCases.polarTestngClass -->
