<?xml version="1.0" encoding="UTF-8"?>
<!-- Generated by org.testng.reporters.JUnitReportReporter -->
<testsuite skipped="0" hostname="ForgeRockTest1" name="Com.Staples.TestngTestCases.rttpTestngClass" tests="7" failures="0" timestamp="09 May 2018 05:53:26 GMT" time="76.175" errors="0">
  <testcase name="rttp_supportLoginTestWithValidCredentials" time="19.675" classname="Com.Staples.TestngTestCases.rttpTestngClass"/>
  <testcase name="rttp_supportTestwithBlankCredentials" time="9.276" classname="Com.Staples.TestngTestCases.rttpTestngClass"/>
  <testcase name="rttp_supportTestwithInvalidPassword" time="9.233" classname="Com.Staples.TestngTestCases.rttpTestngClass"/>
  <testcase name="rttp_supportloginTestwithEmptyUserNameField" time="9.317" classname="Com.Staples.TestngTestCases.rttpTestngClass"/>
  <testcase name="rttp_supportloginTestwithInvalidCredentials" time="10.068" classname="Com.Staples.TestngTestCases.rttpTestngClass"/>
  <testcase name="rttp_supportTestwithEmptyPasswordField" time="9.190" classname="Com.Staples.TestngTestCases.rttpTestngClass"/>
  <testcase name="rttp_supportTestwithInvalidUsername" time="9.416" classname="Com.Staples.TestngTestCases.rttpTestngClass"/>
</testsuite> <!-- Com.Staples.TestngTestCases.rttpTestngClass -->
